<?xml version="1.0" encoding="UTF-8"?>
<testsuite name="dk.sdu.imada.rsa.RSASpec" tests="16" skipped="0" failures="13" errors="0" timestamp="2018-11-26T15:27:07" hostname="DESKTOP-GLQNHV9" time="0.372">
  <properties/>
  <testcase name="Test d is correct set when values are given RSA(13,17,5) =&gt; d=77" classname="dk.sdu.imada.rsa.RSASpec" time="0.002"/>
  <testcase name="Test d is correct set when values are given RSA(13,17,7) =&gt; d=55" classname="dk.sdu.imada.rsa.RSASpec" time="0.0"/>
  <testcase name="Test d is correct set when values are given RSA(13,17,11) =&gt; d=35" classname="dk.sdu.imada.rsa.RSASpec" time="0.0"/>
  <testcase name="Test encryption only with small example '    a'=&gt;'1&#10;'" classname="dk.sdu.imada.rsa.RSASpec" time="0.002">
    <failure message="Condition not satisfied:&#10;&#10;rsa.encryptMessage(text) == result&#10;|   |              |     |  |&#10;|   null               a |  1&#10;|                        false&#10;&lt;dk.sdu.imada.rsa.RSA@b0634b6 random=java.util.Random@73746e6e primeOne=13 primeTwo=17 n=221 e=5 d=77 z=192&gt;&#10;" type="org.spockframework.runtime.SpockComparisonFailure">Condition not satisfied:

rsa.encryptMessage(text) == result
|   |              |     |  |
|   null               a |  1
|                        false
&lt;dk.sdu.imada.rsa.RSA@b0634b6 random=java.util.Random@73746e6e primeOne=13 primeTwo=17 n=221 e=5 d=77 z=192&gt;

	at dk.sdu.imada.rsa.RSASpec.Test encryption only with small example '#text'=&gt;'#result'(RSASpec.groovy:28)
</failure>
  </testcase>
  <testcase name="Test encryption only with small example '    b'=&gt;'32&#10;'" classname="dk.sdu.imada.rsa.RSASpec" time="0.005">
    <failure message="Condition not satisfied:&#10;&#10;rsa.encryptMessage(text) == result&#10;|   |              |     |  |&#10;|   null               b |  32&#10;|                        false&#10;&lt;dk.sdu.imada.rsa.RSA@34553e33 random=java.util.Random@7d34bebf primeOne=13 primeTwo=17 n=221 e=5 d=77 z=192&gt;&#10;" type="org.spockframework.runtime.SpockComparisonFailure">Condition not satisfied:

rsa.encryptMessage(text) == result
|   |              |     |  |
|   null               b |  32
|                        false
&lt;dk.sdu.imada.rsa.RSA@34553e33 random=java.util.Random@7d34bebf primeOne=13 primeTwo=17 n=221 e=5 d=77 z=192&gt;

	at dk.sdu.imada.rsa.RSASpec.Test encryption only with small example '#text'=&gt;'#result'(RSASpec.groovy:28)
</failure>
  </testcase>
  <testcase name="Test encryption only with small example '    c'=&gt;'22&#10;'" classname="dk.sdu.imada.rsa.RSASpec" time="0.003">
    <failure message="Condition not satisfied:&#10;&#10;rsa.encryptMessage(text) == result&#10;|   |              |     |  |&#10;|   null               c |  22&#10;|                        false&#10;&lt;dk.sdu.imada.rsa.RSA@6b82a533 random=java.util.Random@702a8d44 primeOne=13 primeTwo=17 n=221 e=5 d=77 z=192&gt;&#10;" type="org.spockframework.runtime.SpockComparisonFailure">Condition not satisfied:

rsa.encryptMessage(text) == result
|   |              |     |  |
|   null               c |  22
|                        false
&lt;dk.sdu.imada.rsa.RSA@6b82a533 random=java.util.Random@702a8d44 primeOne=13 primeTwo=17 n=221 e=5 d=77 z=192&gt;

	at dk.sdu.imada.rsa.RSASpec.Test encryption only with small example '#text'=&gt;'#result'(RSASpec.groovy:28)
</failure>
  </testcase>
  <testcase name="Test encryption only with small example '    d'=&gt;'140&#10;'" classname="dk.sdu.imada.rsa.RSASpec" time="0.002">
    <failure message="Condition not satisfied:&#10;&#10;rsa.encryptMessage(text) == result&#10;|   |              |     |  |&#10;|   null               d |  140&#10;|                        false&#10;&lt;dk.sdu.imada.rsa.RSA@7787bd89 random=java.util.Random@2e8ad280 primeOne=13 primeTwo=17 n=221 e=5 d=77 z=192&gt;&#10;" type="org.spockframework.runtime.SpockComparisonFailure">Condition not satisfied:

rsa.encryptMessage(text) == result
|   |              |     |  |
|   null               d |  140
|                        false
&lt;dk.sdu.imada.rsa.RSA@7787bd89 random=java.util.Random@2e8ad280 primeOne=13 primeTwo=17 n=221 e=5 d=77 z=192&gt;

	at dk.sdu.imada.rsa.RSASpec.Test encryption only with small example '#text'=&gt;'#result'(RSASpec.groovy:28)
</failure>
  </testcase>
  <testcase name="Test encryption only with small example '    z'=&gt;'195&#10;'" classname="dk.sdu.imada.rsa.RSASpec" time="0.002">
    <failure message="Condition not satisfied:&#10;&#10;rsa.encryptMessage(text) == result&#10;|   |              |     |  |&#10;|   null               z |  195&#10;|                        false&#10;&lt;dk.sdu.imada.rsa.RSA@1df38c71 random=java.util.Random@24cba41f primeOne=13 primeTwo=17 n=221 e=5 d=77 z=192&gt;&#10;" type="org.spockframework.runtime.SpockComparisonFailure">Condition not satisfied:

rsa.encryptMessage(text) == result
|   |              |     |  |
|   null               z |  195
|                        false
&lt;dk.sdu.imada.rsa.RSA@1df38c71 random=java.util.Random@24cba41f primeOne=13 primeTwo=17 n=221 e=5 d=77 z=192&gt;

	at dk.sdu.imada.rsa.RSASpec.Test encryption only with small example '#text'=&gt;'#result'(RSASpec.groovy:28)
</failure>
  </testcase>
  <testcase name="Test encryption only with small example '    f    g'=&gt;'41&#10;11&#10;'" classname="dk.sdu.imada.rsa.RSASpec" time="0.004">
    <failure message="Condition not satisfied:&#10;&#10;rsa.encryptMessage(text) == result&#10;|   |              |     |  |&#10;|   null           |     |  41&#10;|                  |     |  11&#10;|                  |     false&#10;|                      f    g&#10;&lt;dk.sdu.imada.rsa.RSA@74fd8c84 random=java.util.Random@32f6d2a9 primeOne=13 primeTwo=17 n=221 e=5 d=77 z=192&gt;&#10;" type="org.spockframework.runtime.SpockComparisonFailure">Condition not satisfied:

rsa.encryptMessage(text) == result
|   |              |     |  |
|   null           |     |  41
|                  |     |  11
|                  |     false
|                      f    g
&lt;dk.sdu.imada.rsa.RSA@74fd8c84 random=java.util.Random@32f6d2a9 primeOne=13 primeTwo=17 n=221 e=5 d=77 z=192&gt;

	at dk.sdu.imada.rsa.RSASpec.Test encryption only with small example '#text'=&gt;'#result'(RSASpec.groovy:28)
</failure>
  </testcase>
  <testcase name="Test decryption only with small example '1&#10;' =&gt; '    a'" classname="dk.sdu.imada.rsa.RSASpec" time="0.002">
    <failure message="Condition not satisfied:&#10;&#10;rsa.decrypt(text) == result&#10;|   |       |     |  |&#10;|   null    1&#10;    |      a&#10;|                 false&#10;&lt;dk.sdu.imada.rsa.RSA@7035a876 random=java.util.Random@46667338 primeOne=13 primeTwo=17 n=221 e=5 d=77 z=192&gt;&#10;" type="org.spockframework.runtime.SpockComparisonFailure">Condition not satisfied:

rsa.decrypt(text) == result
|   |       |     |  |
|   null    1
    |      a
|                 false
&lt;dk.sdu.imada.rsa.RSA@7035a876 random=java.util.Random@46667338 primeOne=13 primeTwo=17 n=221 e=5 d=77 z=192&gt;

	at dk.sdu.imada.rsa.RSASpec.Test decryption only with small example '#text' =&gt; '#result'(RSASpec.groovy:46)
</failure>
  </testcase>
  <testcase name="Test decryption only with small example '32&#10;' =&gt; '    b'" classname="dk.sdu.imada.rsa.RSASpec" time="0.005">
    <failure message="Condition not satisfied:&#10;&#10;rsa.decrypt(text) == result&#10;|   |       |     |  |&#10;|   null    32&#10;   |      b&#10;|                 false&#10;&lt;dk.sdu.imada.rsa.RSA@57b545a2 random=java.util.Random@6410263c primeOne=13 primeTwo=17 n=221 e=5 d=77 z=192&gt;&#10;" type="org.spockframework.runtime.SpockComparisonFailure">Condition not satisfied:

rsa.decrypt(text) == result
|   |       |     |  |
|   null    32
   |      b
|                 false
&lt;dk.sdu.imada.rsa.RSA@57b545a2 random=java.util.Random@6410263c primeOne=13 primeTwo=17 n=221 e=5 d=77 z=192&gt;

	at dk.sdu.imada.rsa.RSASpec.Test decryption only with small example '#text' =&gt; '#result'(RSASpec.groovy:46)
</failure>
  </testcase>
  <testcase name="Test decryption only with small example '22&#10;' =&gt; '    c'" classname="dk.sdu.imada.rsa.RSASpec" time="0.002">
    <failure message="Condition not satisfied:&#10;&#10;rsa.decrypt(text) == result&#10;|   |       |     |  |&#10;|   null    22&#10;   |      c&#10;|                 false&#10;&lt;dk.sdu.imada.rsa.RSA@59a31c1b random=java.util.Random@7673042c primeOne=13 primeTwo=17 n=221 e=5 d=77 z=192&gt;&#10;" type="org.spockframework.runtime.SpockComparisonFailure">Condition not satisfied:

rsa.decrypt(text) == result
|   |       |     |  |
|   null    22
   |      c
|                 false
&lt;dk.sdu.imada.rsa.RSA@59a31c1b random=java.util.Random@7673042c primeOne=13 primeTwo=17 n=221 e=5 d=77 z=192&gt;

	at dk.sdu.imada.rsa.RSASpec.Test decryption only with small example '#text' =&gt; '#result'(RSASpec.groovy:46)
</failure>
  </testcase>
  <testcase name="Test decryption only with small example '140&#10;' =&gt; '    d'" classname="dk.sdu.imada.rsa.RSASpec" time="0.003">
    <failure message="Condition not satisfied:&#10;&#10;rsa.decrypt(text) == result&#10;|   |       |     |  |&#10;|   null    140&#10;  |      d&#10;|                 false&#10;&lt;dk.sdu.imada.rsa.RSA@6339283d random=java.util.Random@1f2eb21c primeOne=13 primeTwo=17 n=221 e=5 d=77 z=192&gt;&#10;" type="org.spockframework.runtime.SpockComparisonFailure">Condition not satisfied:

rsa.decrypt(text) == result
|   |       |     |  |
|   null    140
  |      d
|                 false
&lt;dk.sdu.imada.rsa.RSA@6339283d random=java.util.Random@1f2eb21c primeOne=13 primeTwo=17 n=221 e=5 d=77 z=192&gt;

	at dk.sdu.imada.rsa.RSASpec.Test decryption only with small example '#text' =&gt; '#result'(RSASpec.groovy:46)
</failure>
  </testcase>
  <testcase name="Test decryption only with small example '195&#10;' =&gt; '    z'" classname="dk.sdu.imada.rsa.RSASpec" time="0.002">
    <failure message="Condition not satisfied:&#10;&#10;rsa.decrypt(text) == result&#10;|   |       |     |  |&#10;|   null    195&#10;  |      z&#10;|                 false&#10;&lt;dk.sdu.imada.rsa.RSA@27e571ab random=java.util.Random@45fafa81 primeOne=13 primeTwo=17 n=221 e=5 d=77 z=192&gt;&#10;" type="org.spockframework.runtime.SpockComparisonFailure">Condition not satisfied:

rsa.decrypt(text) == result
|   |       |     |  |
|   null    195
  |      z
|                 false
&lt;dk.sdu.imada.rsa.RSA@27e571ab random=java.util.Random@45fafa81 primeOne=13 primeTwo=17 n=221 e=5 d=77 z=192&gt;

	at dk.sdu.imada.rsa.RSASpec.Test decryption only with small example '#text' =&gt; '#result'(RSASpec.groovy:46)
</failure>
  </testcase>
  <testcase name="Test decryption only with small example '41&#10;11&#10;' =&gt; '    f    g'" classname="dk.sdu.imada.rsa.RSASpec" time="0.002">
    <failure message="Condition not satisfied:&#10;&#10;rsa.decrypt(text) == result&#10;|   |       |     |  |&#10;|   null    |     |      f    g&#10;|           |     false&#10;|           41&#10;|           11&#10;&lt;dk.sdu.imada.rsa.RSA@1e584e44 random=java.util.Random@2d40973b primeOne=13 primeTwo=17 n=221 e=5 d=77 z=192&gt;&#10;" type="org.spockframework.runtime.SpockComparisonFailure">Condition not satisfied:

rsa.decrypt(text) == result
|   |       |     |  |
|   null    |     |      f    g
|           |     false
|           41
|           11
&lt;dk.sdu.imada.rsa.RSA@1e584e44 random=java.util.Random@2d40973b primeOne=13 primeTwo=17 n=221 e=5 d=77 z=192&gt;

	at dk.sdu.imada.rsa.RSASpec.Test decryption only with small example '#text' =&gt; '#result'(RSASpec.groovy:46)
</failure>
  </testcase>
  <testcase name="Test encryption and decryption" classname="dk.sdu.imada.rsa.RSASpec" time="0.327">
    <failure message="Condition failed with Exception:&#10;&#10;rsa.decrypt(ciphertext).startsWith(text)&#10;|   |       |           |          |&#10;|   null    null        |          this is a hello world encrypted message&#10;|                       java.lang.NullPointerException: Cannot invoke method startsWith() on null object&#10;&lt;dk.sdu.imada.rsa.RSA@14be8edd random=java.util.Random@ed33ae6 primeOne=10388965873008103326005258850495206042552981553385603434994929623108314395029550829523461422799870058786275581667603144813831425487675829899687777452927036245012569279052019615866206793204072308994975024238217532260403249077137988209694023385565983053395282546314618011747739163472802178778704751981803 primeTwo=9909872338114008888328528435315086224670144088191919926516190862136492272474911288872288059195968304100531040475370019020855791912265044832034075095986833456357282908816247532440375019702654738671788039302151182037944716080739589865803836880070090308054178566500624716004817046276150651811408670283733 n=102953325526533458450289984503040261969567252838102523654330119675489216444170361424664009349720308275442274097993556564994888330218314711814275260514474374033579982117247688050693297472546647117271813864931051923643780284039106431307588217118553804106944609387011182516733681707806400765717733877436761354800062909328114642744564761440604786753668592711772585553883143474115507512841727332984598307535648123276993846079076145270257066028889042220464327790077673658525678736190260570860826271791114964248370537984428582850040793023959929389198281515629168742288473585220911536066066323405871826062910599 e=14453273322698893789845126618541062642013943050628558537613211054620258907285472463066212407767128839 d=90521036256131559881561221717456018742681722161401937768623912347644879648943418109966739404861854990532692691484462598327035705854596706654760721050703291779995030937049174431113078086549487454624245229667770951915033548225463960148603131856756521925413991145441264362461693836216539786310279805570936346304135773953321523380954860625494557001886441230019676704375637200150524394387890481847579756590483546501610314220296461577307732419191191502339208258151446412393733565449954805517596971920757597811755709998448690559814513166662776735988274270600546488866506306638108273969704303248486876771191583 z=102953325526533458450289984503040261969567252838102523654330119675489216444170361424664009349720308275442274097993556564994888330218314711814275260514474374033579982117247688050693297472546647117271813864931051923643780284039106431307588217118553804106944609387011182516733681707806400765717733877436741055961851787215900308957278951148337563628027015188411074433397898667448003050723331583502602469172761316654850872915241458052857125154157320367915413920376303806337810469041953989047919544743448201184830169270130234884882915445884431528932645442267719281175658342493158979856317370575281712640645064&gt;&#10;" type="org.spockframework.runtime.ConditionFailedWithExceptionError">Condition failed with Exception:

rsa.decrypt(ciphertext).startsWith(text)
|   |       |           |          |
|   null    null        |          this is a hello world encrypted message
|                       java.lang.NullPointerException: Cannot invoke method startsWith() on null object
&lt;dk.sdu.imada.rsa.RSA@14be8edd random=java.util.Random@ed33ae6 primeOne=10388965873008103326005258850495206042552981553385603434994929623108314395029550829523461422799870058786275581667603144813831425487675829899687777452927036245012569279052019615866206793204072308994975024238217532260403249077137988209694023385565983053395282546314618011747739163472802178778704751981803 primeTwo=9909872338114008888328528435315086224670144088191919926516190862136492272474911288872288059195968304100531040475370019020855791912265044832034075095986833456357282908816247532440375019702654738671788039302151182037944716080739589865803836880070090308054178566500624716004817046276150651811408670283733 n=102953325526533458450289984503040261969567252838102523654330119675489216444170361424664009349720308275442274097993556564994888330218314711814275260514474374033579982117247688050693297472546647117271813864931051923643780284039106431307588217118553804106944609387011182516733681707806400765717733877436761354800062909328114642744564761440604786753668592711772585553883143474115507512841727332984598307535648123276993846079076145270257066028889042220464327790077673658525678736190260570860826271791114964248370537984428582850040793023959929389198281515629168742288473585220911536066066323405871826062910599 e=14453273322698893789845126618541062642013943050628558537613211054620258907285472463066212407767128839 d=90521036256131559881561221717456018742681722161401937768623912347644879648943418109966739404861854990532692691484462598327035705854596706654760721050703291779995030937049174431113078086549487454624245229667770951915033548225463960148603131856756521925413991145441264362461693836216539786310279805570936346304135773953321523380954860625494557001886441230019676704375637200150524394387890481847579756590483546501610314220296461577307732419191191502339208258151446412393733565449954805517596971920757597811755709998448690559814513166662776735988274270600546488866506306638108273969704303248486876771191583 z=102953325526533458450289984503040261969567252838102523654330119675489216444170361424664009349720308275442274097993556564994888330218314711814275260514474374033579982117247688050693297472546647117271813864931051923643780284039106431307588217118553804106944609387011182516733681707806400765717733877436741055961851787215900308957278951148337563628027015188411074433397898667448003050723331583502602469172761316654850872915241458052857125154157320367915413920376303806337810469041953989047919544743448201184830169270130234884882915445884431528932645442267719281175658342493158979856317370575281712640645064&gt;

	at dk.sdu.imada.rsa.RSASpec.Test encryption and decryption(RSASpec.groovy:69)
Caused by: java.lang.NullPointerException: Cannot invoke method startsWith() on null object
	... 1 more
</failure>
  </testcase>
  <system-out><![CDATA[]]></system-out>
  <system-err><![CDATA[]]></system-err>
</testsuite>
