<?xml version="1.0" encoding="UTF-8"?>
<testsuite name="dk.sdu.imada.rsa.AlphabetConversionSpec" tests="16" skipped="0" failures="0" errors="0" timestamp="2018-11-26T15:27:08" hostname="DESKTOP-GLQNHV9" time="0.053">
  <properties/>
  <testcase name="Check that numberToString converts correctly '10793358' =&gt; 'this '" classname="dk.sdu.imada.rsa.AlphabetConversionSpec" time="0.005"/>
  <testcase name="Check that numberToString converts correctly '0' =&gt; '     '" classname="dk.sdu.imada.rsa.AlphabetConversionSpec" time="0.0"/>
  <testcase name="Check that numberToString converts correctly '7553805' =&gt; 'netwo'" classname="dk.sdu.imada.rsa.AlphabetConversionSpec" time="0.0"/>
  <testcase name="Check that stringToNumber converts correctly '     ' =&gt; 0" classname="dk.sdu.imada.rsa.AlphabetConversionSpec" time="0.001"/>
  <testcase name="Check that stringToNumber converts correctly 'this ' =&gt; 10793358" classname="dk.sdu.imada.rsa.AlphabetConversionSpec" time="0.001"/>
  <testcase name="Check that stringToNumber converts correctly 'netwo' =&gt; 7553805" classname="dk.sdu.imada.rsa.AlphabetConversionSpec" time="0.0"/>
  <testcase name="Check charToNumber converts correctly 'a' =&gt; 1" classname="dk.sdu.imada.rsa.AlphabetConversionSpec" time="0.008"/>
  <testcase name="Check charToNumber converts correctly 'b' =&gt; 2" classname="dk.sdu.imada.rsa.AlphabetConversionSpec" time="0.0"/>
  <testcase name="Check charToNumber converts correctly 'z' =&gt; 26" classname="dk.sdu.imada.rsa.AlphabetConversionSpec" time="0.0"/>
  <testcase name="Check charToNumber converts correctly ' ' =&gt; 0" classname="dk.sdu.imada.rsa.AlphabetConversionSpec" time="0.001"/>
  <testcase name="Check charToNumber converts correctly '$' =&gt; 0" classname="dk.sdu.imada.rsa.AlphabetConversionSpec" time="0.0"/>
  <testcase name="Check numberToChar converts correctly '0' =&gt; ' '" classname="dk.sdu.imada.rsa.AlphabetConversionSpec" time="0.002"/>
  <testcase name="Check numberToChar converts correctly '1' =&gt; 'a'" classname="dk.sdu.imada.rsa.AlphabetConversionSpec" time="0.0"/>
  <testcase name="Check numberToChar converts correctly '26' =&gt; 'z'" classname="dk.sdu.imada.rsa.AlphabetConversionSpec" time="0.001"/>
  <testcase name="Test numberToChar throws exeption for erroneous input: -1" classname="dk.sdu.imada.rsa.AlphabetConversionSpec" time="0.019"/>
  <testcase name="Test numberToChar throws exeption for erroneous input: 27" classname="dk.sdu.imada.rsa.AlphabetConversionSpec" time="0.001"/>
  <system-out><![CDATA[t
th
thi
this
this 
 
  
   
    
     
n
ne
net
netw
netwo
     
this 
netwo
]]></system-out>
  <system-err><![CDATA[]]></system-err>
</testsuite>
