<?xml version="1.0" encoding="UTF-8"?>
<testsuite name="dk.sdu.imada.rsa.NumberHelperSpec" tests="4" skipped="0" failures="4" errors="0" timestamp="2018-11-26T09:31:45" hostname="DESKTOP-GLQNHV9" time="0.067">
  <properties/>
  <testcase name="Test extendedEuclideanAlgorithm eua(75,28) =&gt; [1, 3, -8]" classname="dk.sdu.imada.rsa.NumberHelperSpec" time="0.046">
    <failure message="Condition failed with Exception:&#10;&#10;result[0] == gcd&#10;|     |&#10;null  java.lang.NullPointerException: Cannot invoke method getAt() on null object&#10;" type="org.spockframework.runtime.ConditionFailedWithExceptionError">Condition failed with Exception:

result[0] == gcd
|     |
null  java.lang.NullPointerException: Cannot invoke method getAt() on null object

	at dk.sdu.imada.rsa.NumberHelperSpec.Test extendedEuclideanAlgorithm eua(#a,#b) =&gt; [#gcd, #s, #t](NumberHelperSpec.groovy:13)
Caused by: java.lang.NullPointerException: Cannot invoke method getAt() on null object
	... 1 more
</failure>
  </testcase>
  <testcase name="Test extendedEuclideanAlgorithm eua(13,2436) =&gt; [1, 937, -5]" classname="dk.sdu.imada.rsa.NumberHelperSpec" time="0.007">
    <failure message="Condition failed with Exception:&#10;&#10;result[0] == gcd&#10;|     |&#10;null  java.lang.NullPointerException: Cannot invoke method getAt() on null object&#10;" type="org.spockframework.runtime.ConditionFailedWithExceptionError">Condition failed with Exception:

result[0] == gcd
|     |
null  java.lang.NullPointerException: Cannot invoke method getAt() on null object

	at dk.sdu.imada.rsa.NumberHelperSpec.Test extendedEuclideanAlgorithm eua(#a,#b) =&gt; [#gcd, #s, #t](NumberHelperSpec.groovy:13)
Caused by: java.lang.NullPointerException: Cannot invoke method getAt() on null object
	... 1 more
</failure>
  </testcase>
  <testcase name="Test recursiveModularExponentiation modexp(2, 644, 645) = 1" classname="dk.sdu.imada.rsa.NumberHelperSpec" time="0.001">
    <failure message="Condition not satisfied:&#10;&#10;NumberHelpers.recursiveModularExponentiation(base, pow, modulus) == expected&#10;              |                              |     |    |        |  |&#10;              null                           2     644  645      |  1&#10;                                                                 false&#10;" type="org.spockframework.runtime.SpockComparisonFailure">Condition not satisfied:

NumberHelpers.recursiveModularExponentiation(base, pow, modulus) == expected
              |                              |     |    |        |  |
              null                           2     644  645      |  1
                                                                 false

	at dk.sdu.imada.rsa.NumberHelperSpec.Test recursiveModularExponentiation modexp(#base, #pow, #modulus) = #expected(NumberHelperSpec.groovy:26)
</failure>
  </testcase>
  <testcase name="Test recursiveModularExponentiation modexp(123, 1001, 101) = 22" classname="dk.sdu.imada.rsa.NumberHelperSpec" time="0.002">
    <failure message="Condition not satisfied:&#10;&#10;NumberHelpers.recursiveModularExponentiation(base, pow, modulus) == expected&#10;              |                              |     |    |        |  |&#10;              null                           123   1001 101      |  22&#10;                                                                 false&#10;" type="org.spockframework.runtime.SpockComparisonFailure">Condition not satisfied:

NumberHelpers.recursiveModularExponentiation(base, pow, modulus) == expected
              |                              |     |    |        |  |
              null                           123   1001 101      |  22
                                                                 false

	at dk.sdu.imada.rsa.NumberHelperSpec.Test recursiveModularExponentiation modexp(#base, #pow, #modulus) = #expected(NumberHelperSpec.groovy:26)
</failure>
  </testcase>
  <system-out><![CDATA[]]></system-out>
  <system-err><![CDATA[]]></system-err>
</testsuite>
