<?xml version="1.0" encoding="UTF-8"?>
<testsuite name="dk.sdu.imada.rsa.AssignmentSpec" tests="3" skipped="0" failures="2" errors="0" timestamp="2018-11-26T14:06:06" hostname="DESKTOP-GLQNHV9" time="0.135">
  <properties/>
  <testcase name="test euclidean algorithm" classname="dk.sdu.imada.rsa.AssignmentSpec" time="0.041"/>
  <testcase name="Test encryption" classname="dk.sdu.imada.rsa.AssignmentSpec" time="0.086">
    <failure message="Condition not satisfied:&#10;&#10;encrypted == &quot;&quot;&quot;The answer should replace this message&gt;&quot;&quot;&quot;&#10;|         |&#10;null      false&#10;" type="org.spockframework.runtime.SpockComparisonFailure">Condition not satisfied:

encrypted == &quot;&quot;&quot;The answer should replace this message&gt;&quot;&quot;&quot;
|         |
null      false

	at dk.sdu.imada.rsa.AssignmentSpec.Test encryption(AssignmentSpec.groovy:38)
</failure>
  </testcase>
  <testcase name="Test decryption" classname="dk.sdu.imada.rsa.AssignmentSpec" time="0.008">
    <failure message="Condition not satisfied:&#10;&#10;rsa.decrypt(ciphertext) == &quot;Replace this message with the result&quot;&#10;|   |       |           |&#10;|   null    |           false&#10;|           336216001955799973283533256998397373836141999555184519761196766264954723610920307171355356505424929167224067372219794532&#10;|           302286219653965167459263235702681294846428005520618177095225915717528729805605628186530648832975686071861542421630561180&#10;|           1078235653171137305053900063698133222196278492453773809114065251893913288826902674138706036698864473733693248280749763387&#10;|           998188072042047018840157501686952011247267143978612603855700530427967658851167558155132399455187295414405906761652603062&#10;|           513578098498969524053407272428354906735546271631285678018469031970938388999265027135961146878413579606568934118797790159&#10;|           934067581824161915279826819720992145677934648776525640526823636655366690610675711901642345683304460941823244590506676713&#10;|           874076072127560509439990174995588986201755185192072780500080622183391401241127271200636512853681446941139429526190987577&#10;|           89867712631809664423179222515272977751754221870350748670395232217533230402076335571551745424874976238275204041865185346&#10;|           561201897334532081332338821170508292253339835708180577480093499972323127741754499309578336519311800722693402452687748106&#10;|           274214884203829201096353674618606617739794189787255192208007161253109674457304683566872695892256004494680167889485669849&#10;|           1422333330321288598291155642925140904154836481687028516503899374651678756813272565341146923014033253818776573156516131760&#10;|           957244469705779320289102535846209210859432145425802560905562054763497594691493656792585584732573574911398488725541264011&#10;|           1243685563833140319042018173858736917242384042770528875397892375102938363032021115228921547711774840164018595637064323407&#10;|           9640675387455691327695570212834322617530266934904751775484942131191770710924295132961825663187489623475934327412155942&#10;|           318611132930261347438269047353316388284563260924439286038614900625776333368849129091082446948742642833946262730403347891&#10;&lt;dk.sdu.imada.rsa.RSA@67ef3840 random=java.util.Random@2f669b4 primeOne=1156561771779226504385211474703634660706188015894269578454843 primeTwo=1369432560389383877017373383790225389216006713827806996905907 n=1583833348376108413425569171821668369961624205318597131498317908017075364044496398397540560411849475630678976490919457601 e=47431565080882922701 d=1193763838949810599407374380672945676275460654150500786092796498862915977747337457111137913535748798725638140813481161053 z=1583833348376108413425569171821668369961624205318597131498315382022743195434114995812682066551799553435949254414344096852&gt;&#10;" type="org.spockframework.runtime.SpockComparisonFailure">Condition not satisfied:

rsa.decrypt(ciphertext) == &quot;Replace this message with the result&quot;
|   |       |           |
|   null    |           false
|           336216001955799973283533256998397373836141999555184519761196766264954723610920307171355356505424929167224067372219794532
|           302286219653965167459263235702681294846428005520618177095225915717528729805605628186530648832975686071861542421630561180
|           1078235653171137305053900063698133222196278492453773809114065251893913288826902674138706036698864473733693248280749763387
|           998188072042047018840157501686952011247267143978612603855700530427967658851167558155132399455187295414405906761652603062
|           513578098498969524053407272428354906735546271631285678018469031970938388999265027135961146878413579606568934118797790159
|           934067581824161915279826819720992145677934648776525640526823636655366690610675711901642345683304460941823244590506676713
|           874076072127560509439990174995588986201755185192072780500080622183391401241127271200636512853681446941139429526190987577
|           89867712631809664423179222515272977751754221870350748670395232217533230402076335571551745424874976238275204041865185346
|           561201897334532081332338821170508292253339835708180577480093499972323127741754499309578336519311800722693402452687748106
|           274214884203829201096353674618606617739794189787255192208007161253109674457304683566872695892256004494680167889485669849
|           1422333330321288598291155642925140904154836481687028516503899374651678756813272565341146923014033253818776573156516131760
|           957244469705779320289102535846209210859432145425802560905562054763497594691493656792585584732573574911398488725541264011
|           1243685563833140319042018173858736917242384042770528875397892375102938363032021115228921547711774840164018595637064323407
|           9640675387455691327695570212834322617530266934904751775484942131191770710924295132961825663187489623475934327412155942
|           318611132930261347438269047353316388284563260924439286038614900625776333368849129091082446948742642833946262730403347891
&lt;dk.sdu.imada.rsa.RSA@67ef3840 random=java.util.Random@2f669b4 primeOne=1156561771779226504385211474703634660706188015894269578454843 primeTwo=1369432560389383877017373383790225389216006713827806996905907 n=1583833348376108413425569171821668369961624205318597131498317908017075364044496398397540560411849475630678976490919457601 e=47431565080882922701 d=1193763838949810599407374380672945676275460654150500786092796498862915977747337457111137913535748798725638140813481161053 z=1583833348376108413425569171821668369961624205318597131498315382022743195434114995812682066551799553435949254414344096852&gt;

	at dk.sdu.imada.rsa.AssignmentSpec.Test decryption(AssignmentSpec.groovy:70)
</failure>
  </testcase>
  <system-out><![CDATA[gcd(123456544 , 9955487) is [1 , -2283680 , 28319583]
So -2283680 * 123456544 + 28319583 * 9955487 = 1
r = 1
s = -2283680
t = 28319583
The encrypted message for 'what a lovely little coding exercise this is' is
null
The ciphertext decrypted is:
null
]]></system-out>
  <system-err><![CDATA[]]></system-err>
</testsuite>
